DEBUG 2026-03-05 21:18:01,125 rate_limit Reset rate limit for ddevelop776@gmail.com on login
WARNING 2026-03-05 21:18:01,333 encryption_utils Decryption failed for user 69a40f0790b79521591c6f27: 
WARNING 2026-03-05 21:18:49,994 encryption_utils Decryption failed for user 69a40f0790b79521591c6f27: 
WARNING 2026-03-05 21:18:50,067 encryption_utils Decryption failed for user 69a40f0790b79521591c6f27: 
WARNING 2026-03-05 21:18:50,068 encryption_utils Decryption failed for user 69a40f0790b79521591c6f27: 
WARNING 2026-03-05 21:18:50,428 encryption_utils Decryption failed for user 69a40f0790b79521591c6f27: 
WARNING 2026-03-05 21:18:50,576 encryption_utils Decryption failed for user 69a40f0790b79521591c6f27: 
WARNING 2026-03-05 21:18:50,579 encryption_utils Decryption failed for user 69a40f0790b79521591c6f27: 
WARNING 2026-03-05 21:25:10,824 encryption_utils Decryption failed for user 69a40f0790b79521591c6f27: 
WARNING 2026-03-05 21:25:10,905 encryption_utils Decryption failed for user 69a40f0790b79521591c6f27: 
WARNING 2026-03-05 21:25:10,907 encryption_utils Decryption failed for user 69a40f0790b79521591c6f27: 
WARNING 2026-03-05 21:25:11,183 encryption_utils Decryption failed for user 69a40f0790b79521591c6f27: 
WARNING 2026-03-05 21:25:11,245 encryption_utils Decryption failed for user 69a40f0790b79521591c6f27: 
WARNING 2026-03-05 21:25:11,247 encryption_utils Decryption failed for user 69a40f0790b79521591c6f27: 
WARNING 2026-03-05 21:25:37,291 encryption_utils Decryption failed for user 69a40f0790b79521591c6f27: 
WARNING 2026-03-05 21:25:37,399 encryption_utils Decryption failed for user 69a40f0790b79521591c6f27: 
WARNING 2026-03-05 21:25:37,401 encryption_utils Decryption failed for user 69a40f0790b79521591c6f27: 
WARNING 2026-03-05 21:25:37,877 encryption_utils Decryption failed for user 69a40f0790b79521591c6f27: 
WARNING 2026-03-05 21:25:37,982 encryption_utils Decryption failed for user 69a40f0790b79521591c6f27: 
WARNING 2026-03-05 21:25:37,984 encryption_utils Decryption failed for user 69a40f0790b79521591c6f27: 
WARNING 2026-03-05 21:25:45,309 encryption_utils Decryption failed for user 69a40f0790b79521591c6f27: 
WARNING 2026-03-05 21:25:45,549 encryption_utils Decryption failed for user 69a40f0790b79521591c6f27: 
WARNING 2026-03-05 21:25:45,553 encryption_utils Decryption failed for user 69a40f0790b79521591c6f27: 
WARNING 2026-03-05 21:25:46,395 encryption_utils Decryption failed for user 69a40f0790b79521591c6f27: 
WARNING 2026-03-05 21:25:46,590 encryption_utils Decryption failed for user 69a40f0790b79521591c6f27: 
WARNING 2026-03-05 21:25:46,593 encryption_utils Decryption failed for user 69a40f0790b79521591c6f27: 
WARNING 2026-03-05 21:25:52,722 encryption_utils Decryption failed for user 69a40f0790b79521591c6f27: 
WARNING 2026-03-05 21:25:52,810 encryption_utils Decryption failed for user 69a40f0790b79521591c6f27: 
WARNING 2026-03-05 21:25:52,811 encryption_utils Decryption failed for user 69a40f0790b79521591c6f27: 
WARNING 2026-03-05 21:25:54,112 encryption_utils Decryption failed for user 69a40f0790b79521591c6f27: 
WARNING 2026-03-05 21:25:54,178 encryption_utils Decryption failed for user 69a40f0790b79521591c6f27: 
WARNING 2026-03-05 21:25:54,190 encryption_utils Decryption failed for user 69a40f0790b79521591c6f27: 
WARNING 2026-03-05 21:26:21,769 encryption_utils Decryption failed for user 69a40f0790b79521591c6f27: 
WARNING 2026-03-05 21:26:21,919 encryption_utils Decryption failed for user 69a40f0790b79521591c6f27: 
WARNING 2026-03-05 21:26:21,921 encryption_utils Decryption failed for user 69a40f0790b79521591c6f27: 
WARNING 2026-03-05 21:26:22,642 encryption_utils Decryption failed for user 69a40f0790b79521591c6f27: 
WARNING 2026-03-05 21:26:22,756 encryption_utils Decryption failed for user 69a40f0790b79521591c6f27: 
WARNING 2026-03-05 21:26:22,759 encryption_utils Decryption failed for user 69a40f0790b79521591c6f27: 
WARNING 2026-03-05 21:27:05,407 encryption_utils Decryption failed for user 69a40f0790b79521591c6f27: 
WARNING 2026-03-05 21:27:05,664 encryption_utils Decryption failed for user 69a40f0790b79521591c6f27: 
WARNING 2026-03-05 21:27:05,674 encryption_utils Decryption failed for user 69a40f0790b79521591c6f27: 
WARNING 2026-03-05 21:27:05,984 encryption_utils Decryption failed for user 69a40f0790b79521591c6f27: 
WARNING 2026-03-05 21:27:06,142 encryption_utils Decryption failed for user 69a40f0790b79521591c6f27: 
WARNING 2026-03-05 21:27:06,143 encryption_utils Decryption failed for user 69a40f0790b79521591c6f27: 
DEBUG 2026-03-05 21:27:27,188 rate_limit Reset rate limit for ddevelop776@gmail.com on login
WARNING 2026-03-05 21:27:27,427 encryption_utils Decryption failed for user 69a40f0790b79521591c6f27: 
WARNING 2026-03-05 21:35:54,555 encryption_utils Decryption failed for user 69a40f0790b79521591c6f27: 
WARNING 2026-03-05 21:35:55,203 encryption_utils Decryption failed for user 69a40f0790b79521591c6f27: 
WARNING 2026-03-05 21:35:55,209 encryption_utils Decryption failed for user 69a40f0790b79521591c6f27: 
WARNING 2026-03-05 21:35:57,739 encryption_utils Decryption failed for user 69a40f0790b79521591c6f27: 
WARNING 2026-03-05 21:35:58,700 encryption_utils Decryption failed for user 69a40f0790b79521591c6f27: 
WARNING 2026-03-05 21:35:58,706 encryption_utils Decryption failed for user 69a40f0790b79521591c6f27: 
DEBUG 2026-03-05 22:56:15,606 rate_limit Reset rate limit for ddevelop776@gmail.com on login
WARNING 2026-03-05 22:56:15,929 encryption_utils Decryption failed for user 69a40f0790b79521591c6f27: 
WARNING 2026-03-05 23:11:07,164 encryption_utils Decryption failed for user 69a40f0790b79521591c6f27: 
WARNING 2026-03-05 23:16:08,224 encryption_utils Decryption failed for user 69a40f0790b79521591c6f27: 
DEBUG 2026-03-05 23:17:58,032 rate_limit Reset rate limit for ddevelop776@gmail.com on login
DEBUG 2026-03-08 17:43:17,280 rate_limit Reset rate limit for ddevelop776@gmail.com on login
WARNING 2026-03-08 17:46:40,361 encryption_utils Decryption failed for user 69a40f0790b79521591c6f27: 
WARNING 2026-03-08 17:46:40,363 encryption_utils Decryption failed for user 69a40f0790b79521591c6f27: 
WARNING 2026-03-08 17:46:40,809 encryption_utils Decryption failed for user 69a40f0790b79521591c6f27: 
WARNING 2026-03-08 17:46:40,810 encryption_utils Decryption failed for user 69a40f0790b79521591c6f27: 
WARNING 2026-03-08 17:47:22,741 encryption_utils Decryption failed for user 69a40f0790b79521591c6f27: 
WARNING 2026-03-08 17:47:22,742 encryption_utils Decryption failed for user 69a40f0790b79521591c6f27: 
WARNING 2026-03-08 17:47:23,246 encryption_utils Decryption failed for user 69a40f0790b79521591c6f27: 
WARNING 2026-03-08 17:47:23,247 encryption_utils Decryption failed for user 69a40f0790b79521591c6f27: 
DEBUG 2026-03-08 17:47:48,362 rate_limit Reset rate limit for ddevelop776@gmail.com on login
DEBUG 2026-03-08 17:48:43,405 rate_limit Reset rate limit for bhavanashiva2025@gmail.com on login
DEBUG 2026-03-09 22:12:59,920 rate_limit Reset rate limit for bhavanashiva2025@gmail.com on login
DEBUG 2026-03-09 22:16:03,753 rate_limit Reset rate limit for bhavanashiva2025@gmail.com on login
DEBUG 2026-03-11 23:34:23,246 rate_limit Reset rate limit for bhavanashiva2025@gmail.com on login
DEBUG 2026-03-13 21:15:13,929 rate_limit Reset rate limit for bhavanashiva2025@gmail.com on login
DEBUG 2026-03-15 20:42:03,323 rate_limit Reset rate limit for bhavanashiva2025@gmail.com on login
ERROR 2026-03-27 19:58:36,440 views Google Token Verification Failed: Token used too early, 1774621716 < 1774621717. Check that your computer's clock is set correctly.
ERROR 2026-03-27 21:13:56,411 views Google Token Verification Failed: Token used too early, 1774626236 < 1774626237. Check that your computer's clock is set correctly.
ERROR 2026-03-27 21:14:24,422 views Google Token Verification Failed: Token used too early, 1774626264 < 1774626265. Check that your computer's clock is set correctly.
ERROR 2026-03-27 21:15:50,585 views Google Token Verification Failed: Token used too early, 1774626350 < 1774626351. Check that your computer's clock is set correctly.
ERROR 2026-03-27 21:16:00,687 views Google Token Verification Failed: Token used too early, 1774626360 < 1774626361. Check that your computer's clock is set correctly.
ERROR 2026-03-27 21:45:42,176 views CompleteProfileView Exception: Signature has expired
Traceback (most recent call last):
  File "D:\videepthaFoods\VideepthaWeb2\Veediptha_Website-backend\accounts\views.py", line 421, in post
    payload = jwt.decode(
              ^^^^^^^^^^^
  File "C:\Users\sukre\AppData\Roaming\Python\Python311\site-packages\jwt\api_jwt.py", line 222, in decode
    decoded = self.decode_complete(
              ^^^^^^^^^^^^^^^^^^^^^
  File "C:\Users\sukre\AppData\Roaming\Python\Python311\site-packages\jwt\api_jwt.py", line 167, in decode_complete
    self._validate_claims(
  File "C:\Users\sukre\AppData\Roaming\Python\Python311\site-packages\jwt\api_jwt.py", line 262, in _validate_claims
    self._validate_exp(payload, now, leeway)
  File "C:\Users\sukre\AppData\Roaming\Python\Python311\site-packages\jwt\api_jwt.py", line 363, in _validate_exp
    raise ExpiredSignatureError("Signature has expired")
jwt.exceptions.ExpiredSignatureError: Signature has expired

ERROR 2026-03-27 21:59:45,776 views CompleteProfileView Exception: Signature has expired
Traceback (most recent call last):
  File "D:\videepthaFoods\VideepthaWeb2\Veediptha_Website-backend\accounts\views.py", line 421, in post
    payload = jwt.decode(
              ^^^^^^^^^^^
  File "C:\Users\sukre\AppData\Roaming\Python\Python311\site-packages\jwt\api_jwt.py", line 222, in decode
    decoded = self.decode_complete(
              ^^^^^^^^^^^^^^^^^^^^^
  File "C:\Users\sukre\AppData\Roaming\Python\Python311\site-packages\jwt\api_jwt.py", line 167, in decode_complete
    self._validate_claims(
  File "C:\Users\sukre\AppData\Roaming\Python\Python311\site-packages\jwt\api_jwt.py", line 262, in _validate_claims
    self._validate_exp(payload, now, leeway)
  File "C:\Users\sukre\AppData\Roaming\Python\Python311\site-packages\jwt\api_jwt.py", line 363, in _validate_exp
    raise ExpiredSignatureError("Signature has expired")
jwt.exceptions.ExpiredSignatureError: Signature has expired

ERROR 2026-03-27 22:05:52,137 views Google Token Verification Failed: Token used too early, 1774629352 < 1774629353. Check that your computer's clock is set correctly.
INFO 2026-03-27 22:50:59,467 views User 69c6a665c397ad47789a884b soft deleted their account. Reason: fyjhglhk.lkj. Tokens revoked and personal data cleaned.
